<?xml version="1.0" encoding="utf-8"?><testsuites name="pytest tests"><testsuite name="pytest" errors="0" failures="0" skipped="0" tests="17" time="3.917" timestamp="2026-08-23T08:36:44.436416+00:00" hostname="agent-env-fdac5d54-2ff7-43bf-9c9b-769a86f51f2d"><testcase classname="backend.tests.test_iteration11_whatsapp.TestWebhookVerify" name="test_verify_success" time="0.179" /><testcase classname="backend.tests.test_iteration11_whatsapp.TestWebhookVerify" name="test_verify_wrong_token" time="0.091" /><testcase classname="backend.tests.test_iteration11_whatsapp.TestWebhookVerify" name="test_verify_missing_mode" time="0.095" /><testcase classname="backend.tests.test_iteration11_whatsapp.TestWebhookPost" name="test_post_without_signature" time="0.093" /><testcase classname="backend.tests.test_iteration11_whatsapp.TestWebhookPost" name="test_post_bad_signature" time="0.093" /><testcase classname="backend.tests.test_iteration11_whatsapp.TestWebhookPost" name="test_post_valid_signature_persists_and_links" time="0.521" /><testcase classname="backend.tests.test_iteration11_whatsapp.TestWebhookPost" name="test_idempotent_duplicate_msg" time="0.289" /><testcase classname="backend.tests.test_iteration11_whatsapp.TestAdminThreadsAPI" name="test_get_messages" time="0.099" /><testcase classname="backend.tests.test_iteration11_whatsapp.TestAdminThreadsAPI" name="test_get_messages_thread_not_found" time="0.092" /><testcase classname="backend.tests.test_iteration11_whatsapp.TestAdminThreadsAPI" name="test_mark_read" time="0.187" /><testcase classname="backend.tests.test_iteration11_whatsapp.TestAdminThreadsAPI" name="test_send_message_hits_meta_gracefully" time="1.153" /><testcase classname="backend.tests.test_iteration11_whatsapp.TestAdminThreadsAPI" name="test_send_invalid_kind_400" time="0.095" /><testcase classname="backend.tests.test_iteration11_whatsapp.TestRBAC" name="test_threads_no_auth" time="0.112" /><testcase classname="backend.tests.test_iteration11_whatsapp.TestRBAC" name="test_threads_student_token" time="0.436" /><testcase classname="backend.tests.test_iteration11_whatsapp.TestRBAC" name="test_send_no_auth" time="0.096" /><testcase classname="backend.tests.test_iteration11_whatsapp.TestRBAC" name="test_send_student_token" time="0.099" /><testcase classname="backend.tests.test_iteration11_whatsapp.TestRBAC" name="test_mark_read_no_auth" time="0.097" /></testsuite></testsuites>