<?xml version="1.0" encoding="utf-8"?><testsuites name="pytest tests"><testsuite name="pytest" errors="0" failures="1" skipped="0" tests="14" time="2.774" timestamp="2026-09-03T06:58:23.210177+00:00" hostname="agent-env-fdac5d54-2ff7-43bf-9c9b-769a86f51f2d"><testcase classname="backend.tests.test_iteration12_wath_carnival.TestPublicWathPage" name="test_wath_page_returns_mode" time="0.280" /><testcase classname="backend.tests.test_iteration12_wath_carnival.TestPublicWathPage" name="test_wath_page_carnival_hydration" time="0.074" /><testcase classname="backend.tests.test_iteration12_wath_carnival.TestPublicWathPage" name="test_scholarships_excludes_wath" time="0.070" /><testcase classname="backend.tests.test_iteration12_wath_carnival.TestPageConfig" name="test_get_config_requires_admin" time="0.071" /><testcase classname="backend.tests.test_iteration12_wath_carnival.TestPageConfig" name="test_get_config_admin" time="0.453" /><testcase classname="backend.tests.test_iteration12_wath_carnival.TestPageConfig" name="test_switch_exam_disabled_carnival" time="0.392" /><testcase classname="backend.tests.test_iteration12_wath_carnival.TestCarnivalCRUD" name="test_create_returns_hydrated" time="0.046" /><testcase classname="backend.tests.test_iteration12_wath_carnival.TestCarnivalCRUD" name="test_update_carnival" time="0.048" /><testcase classname="backend.tests.test_iteration12_wath_carnival.TestCarnivalCRUD" name="test_delete_resets_config_when_active" time="0.268" /><testcase classname="backend.tests.test_iteration12_wath_carnival.TestApplicationFlow" name="test_missing_both_ids_400" time="0.065" /><testcase classname="backend.tests.test_iteration12_wath_carnival.TestApplicationFlow" name="test_carnival_without_slot_400" time="0.066" /><testcase classname="backend.tests.test_iteration12_wath_carnival.TestApplicationFlow" name="test_carnival_over_book_returns_409" time="0.373"><failure message="AssertionError: Expected 409, got 200: {&quot;name&quot;:&quot;TEST_fcd034ba&quot;,&quot;email&quot;:&quot;test_fcd034ba@example.com&quot;,&quot;phone&quot;:&quot;90fcd034ba&quot;,&quot;school&quot;:&quot;TEST School&quot;,&quot;standard&quot;:&quot;10&quot;,&quot;target_exam&quot;:&quot;JEE&quot;,&quot;city&quot;:&quot;Srinagar&quot;,&quot;scholarship_id&quot;:null,&quot;venue&quot;:&quot;90 FT&quot;,&quot;carnival_id&quot;:&quot;cbd68098-4463-4aa6-ba64-b83cfe243916&quot;,&quot;chosen_date&quot;:&quot;2026-11-05&quot;,&quot;chosen_slot_time&quot;:&quot;11:00 AM&quot;,&quot;id&quot;:&quot;d163ed41-9b58-4156-b60c-b7cc00cdcc04&quot;,&quot;campaign_kind&quot;:&quot;carnival&quot;,&quot;application_no&quot;:&quot;63909498&quot;,&quot;status&quot;:&quot;pending&quot;,&quot;scholarship_title&quot;:&quot;TEST_Overbook_807a3e&quot;,&quot;created_at&quot;:&quot;2026-09-03T06:58:25.404023+00:00&quot;,&quot;whatsapp_community_url&quot;:null}&#10;assert 200 == 409&#10; +  where 200 = &lt;Response [200]&gt;.status_code">backend/tests/test_iteration12_wath_carnival.py:290: in test_carnival_over_book_returns_409
    assert r2.status_code == 409, f"Expected 409, got {r2.status_code}: {r2.text}"
E   AssertionError: Expected 409, got 200: {"name":"TEST_fcd034ba","email":"test_fcd034ba@example.com","phone":"90fcd034ba","school":"TEST School","standard":"10","target_exam":"JEE","city":"Srinagar","scholarship_id":null,"venue":"90 FT","carnival_id":"cbd68098-4463-4aa6-ba64-b83cfe243916","chosen_date":"2026-11-05","chosen_slot_time":"11:00 AM","id":"d163ed41-9b58-4156-b60c-b7cc00cdcc04","campaign_kind":"carnival","application_no":"63909498","status":"pending","scholarship_title":"TEST_Overbook_807a3e","created_at":"2026-09-03T06:58:25.404023+00:00","whatsapp_community_url":null}
E   assert 200 == 409
E    +  where 200 = &lt;Response [200]&gt;.status_code</failure></testcase><testcase classname="backend.tests.test_iteration12_wath_carnival.TestApplicationFlow" name="test_duplicate_email_returns_400" time="0.238" /><testcase classname="backend.tests.test_iteration12_wath_carnival.TestApplicationFlow" name="test_registrations_endpoint" time="0.224" /></testsuite></testsuites>