<?xml version="1.0" encoding="utf-8"?><testsuites name="pytest tests"><testsuite name="pytest" errors="0" failures="0" skipped="0" tests="38" time="6.198" timestamp="2026-05-10T10:11:45.904843+00:00" hostname="agent-env-fdac5d54-2ff7-43bf-9c9b-769a86f51f2d"><testcase classname="backend.tests.backend_test.TestPublicCatalog" name="test_courses" time="0.178" /><testcase classname="backend.tests.backend_test.TestPublicCatalog" name="test_courses_filter_category" time="0.100" /><testcase classname="backend.tests.backend_test.TestPublicCatalog" name="test_centers" time="0.099" /><testcase classname="backend.tests.backend_test.TestPublicCatalog" name="test_stats" time="0.114" /><testcase classname="backend.tests.backend_test.TestPublicCatalog" name="test_scholarships" time="0.098" /><testcase classname="backend.tests.backend_test.TestPublicCatalog" name="test_notices" time="0.106" /><testcase classname="backend.tests.backend_test.TestPublicCatalog" name="test_jobs" time="0.102" /><testcase classname="backend.tests.backend_test.TestPublicCatalog" name="test_results" time="0.105" /><testcase classname="backend.tests.backend_test.TestPublicCatalog" name="test_testimonials" time="0.104" /><testcase classname="backend.tests.backend_test.TestAuth" name="test_login_admin" time="0.339" /><testcase classname="backend.tests.backend_test.TestAuth" name="test_me_with_bearer" time="0.110" /><testcase classname="backend.tests.backend_test.TestAuth" name="test_me_unauth" time="0.101" /><testcase classname="backend.tests.backend_test.TestAuth" name="test_register_student" time="0.338" /><testcase classname="backend.tests.backend_test.TestAuth" name="test_login_invalid" time="0.107" /><testcase classname="backend.tests.backend_test.TestPublicSubmissions" name="test_scholarship_application" time="0.105" /><testcase classname="backend.tests.backend_test.TestPublicSubmissions" name="test_enrollment" time="0.206" /><testcase classname="backend.tests.backend_test.TestPublicSubmissions" name="test_job_application" time="0.214" /><testcase classname="backend.tests.backend_test.TestPublicSubmissions" name="test_contact" time="0.105" /><testcase classname="backend.tests.backend_test.TestAdminGating" name="test_summary_unauth" time="0.095" /><testcase classname="backend.tests.backend_test.TestAdminGating" name="test_summary_as_student_403" time="0.096" /><testcase classname="backend.tests.backend_test.TestAdminGating" name="test_summary_admin" time="0.292" /><testcase classname="backend.tests.backend_test.TestAdminGating" name="test_create_course_requires_admin" time="0.103" /><testcase classname="backend.tests.backend_test.TestAdminGating" name="test_create_course_admin" time="0.227" /><testcase classname="backend.tests.backend_test.TestAdminGating" name="test_create_notice_admin" time="0.202" /><testcase classname="backend.tests.backend_test.TestAdminGating" name="test_create_job_admin" time="0.228" /><testcase classname="backend.tests.backend_test.TestAdminGating" name="test_export_enrollments_xlsx" time="0.124" /><testcase classname="backend.tests.backend_test.TestAdminGating" name="test_export_unknown_kind" time="0.104" /><testcase classname="backend.tests.backend_test.TestValidation" name="test_enrollment_invalid_course_id" time="0.112" /><testcase classname="backend.tests.backend_test.TestValidation" name="test_jobapp_invalid_job_id" time="0.100" /><testcase classname="backend.tests.backend_test.TestValidation" name="test_status_update_invalid_enum_enrollment" time="0.311" /><testcase classname="backend.tests.backend_test.TestValidation" name="test_status_update_invalid_enum_scholarship" time="0.207" /><testcase classname="backend.tests.backend_test.TestValidation" name="test_status_update_invalid_enum_jobapp" time="0.330" /><testcase classname="backend.tests.backend_test.TestExports" name="test_export_other_kinds[scholarship-applications]" time="0.107" /><testcase classname="backend.tests.backend_test.TestExports" name="test_export_other_kinds[job-applications]" time="0.121" /><testcase classname="backend.tests.backend_test.TestExports" name="test_export_other_kinds[inquiries]" time="0.120" /><testcase classname="backend.tests.backend_test.TestExports" name="test_export_other_kinds[students]" time="0.127" /><testcase classname="backend.tests.backend_test.TestStudent" name="test_enrollments_mine" time="0.321" /><testcase classname="backend.tests.backend_test.TestStudent" name="test_enrollments_mine_unauth" time="0.111" /></testsuite></testsuites>