<?xml version="1.0" encoding="utf-8"?><testsuites name="pytest tests"><testsuite name="pytest" errors="0" failures="1" skipped="0" tests="5" time="2.057" timestamp="2026-08-21T15:45:37.802649+00:00" hostname="agent-env-fdac5d54-2ff7-43bf-9c9b-769a86f51f2d"><testcase classname="backend.tests.test_iteration9" name="test_index_html_no_pnpm_text" time="0.391" /><testcase classname="backend.tests.test_iteration9" name="test_scholarship_application_creates_8digit_app_no" time="0.293"><failure message="AssertionError: 422 {&quot;detail&quot;:[{&quot;type&quot;:&quot;missing&quot;,&quot;loc&quot;:[&quot;body&quot;,&quot;name&quot;],&quot;msg&quot;:&quot;Field required&quot;,&quot;input&quot;:{&quot;scholarship_id&quot;:&quot;1ed94009-d949-4504-b291-68e3571a5a44&quot;,&quot;full_name&quot;:&quot;TEST Numeric 7f2e1928&quot;,&quot;email&quot;:&quot;test_numeric_7f2e1928@test.com&quot;,&quot;phone&quot;:&quot;97f2e19280&quot;,&quot;venue&quot;:&quot;Northend 90 FT&quot;,&quot;date_of_birth&quot;:&quot;2005-01-01&quot;,&quot;gender&quot;:&quot;male&quot;,&quot;father_name&quot;:&quot;Father&quot;,&quot;mother_name&quot;:&quot;Mother&quot;,&quot;address&quot;:&quot;Test Address&quot;,&quot;class_grade&quot;:&quot;10&quot;,&quot;school_name&quot;:&quot;Test School&quot;},&quot;url&quot;:&quot;https://errors.pydantic.dev/2.13/v/missing&quot;},{&quot;type&quot;:&quot;missing&quot;,&quot;loc&quot;:[&quot;body&quot;,&quot;school&quot;],&quot;msg&quot;:&quot;Field required&quot;,&quot;input&quot;:{&quot;scholarship_id&quot;:&quot;1ed94009-d949-4504-b291-68e3571a5a44&quot;,&quot;full_name&quot;:&quot;TEST Numeric 7f2e1928&quot;,&quot;email&quot;:&quot;test_numeric_7f2e1928@test.com&quot;,&quot;phone&quot;:&quot;97f2e19280&quot;,&quot;venue&quot;:&quot;Northend 90 FT&quot;,&quot;date_of_birth&quot;:&quot;2005-01-01&quot;,&quot;gender&quot;:&quot;male&quot;,&quot;father_name&quot;:&quot;Father&quot;,&quot;mother_name&quot;:&quot;Mother&quot;,&quot;address&quot;:&quot;Test Address&quot;,&quot;class_grade&quot;:&quot;10&quot;,&quot;school_name&quot;:&quot;Test School&quot;},&quot;url&quot;:&quot;https://errors.pydantic.dev/2.13/v/missing&quot;},{&quot;type&quot;:&quot;missing&quot;,&quot;loc&quot;:[&quot;body&quot;,&quot;standard&quot;],&quot;msg&quot;:&quot;Field required&quot;,&quot;input&quot;:{&quot;scholarship_id&quot;:&quot;1ed94009-d949-4504-b291-68e3571a5a44&quot;,&quot;full_name&quot;:&quot;TEST Numeric 7f2e1928&quot;,&quot;email&quot;:&quot;test_numeric_7f2e1928@test.com&quot;,&quot;phone&quot;:&quot;97f2e19280&quot;,&quot;venue&quot;:&quot;Northend 90 FT&quot;,&quot;date_of_birth&quot;:&quot;2005-01-01&quot;,&quot;gender&quot;:&quot;male&quot;,&quot;father_name&quot;:&quot;Father&quot;,&quot;mother_name&quot;:&quot;Mother&quot;,&quot;address&quot;:&quot;Test Address&quot;,&quot;class_grade&quot;:&quot;10&quot;,&quot;school_name&quot;:&quot;Test School&quot;},&quot;url&quot;:&quot;https://errors.pydantic.dev/2.13/v/missing&quot;},{&quot;type&quot;:&quot;missing&quot;,&quot;loc&quot;:[&quot;body&quot;,&quot;target_exam&quot;],&quot;msg&quot;:&quot;Field required&quot;,&quot;input&quot;:{&quot;scholarship_id&quot;:&quot;1ed94009-d949-4504-b291-68e3571a5a44&quot;,&quot;full_name&quot;:&quot;TEST Numeric 7f2e1928&quot;,&quot;email&quot;:&quot;test_numeric_7f2e1928@test.com&quot;,&quot;phone&quot;:&quot;97f2e19280&quot;,&quot;venue&quot;:&quot;Northend 90 FT&quot;,&quot;date_of_birth&quot;:&quot;2005-01-01&quot;,&quot;gender&quot;:&quot;male&quot;,&quot;father_name&quot;:&quot;Father&quot;,&quot;mother_name&quot;:&quot;Mother&quot;,&quot;address&quot;:&quot;Test Address&quot;,&quot;class_grade&quot;:&quot;10&quot;,&quot;school_name&quot;:&quot;Test School&quot;},&quot;url&quot;:&quot;https://errors.pydantic.dev/2.13/v/missing&quot;},{&quot;type&quot;:&quot;missing&quot;,&quot;loc&quot;:[&quot;body&quot;,&quot;city&quot;],&quot;msg&quot;:&quot;Field required&quot;,&quot;input&quot;:{&quot;scholarship_id&quot;:&quot;1ed94009-d949-4504-b291-68e3571a5a44&quot;,&quot;full_name&quot;:&quot;TEST Numeric 7f2e1928&quot;,&quot;email&quot;:&quot;test_numeric_7f2e1928@test.com&quot;,&quot;phone&quot;:&quot;97f2e19280&quot;,&quot;venue&quot;:&quot;Northend 90 FT&quot;,&quot;date_of_birth&quot;:&quot;2005-01-01&quot;,&quot;gender&quot;:&quot;male&quot;,&quot;father_name&quot;:&quot;Father&quot;,&quot;mother_name&quot;:&quot;Mother&quot;,&quot;address&quot;:&quot;Test Address&quot;,&quot;class_grade&quot;:&quot;10&quot;,&quot;school_name&quot;:&quot;Test School&quot;},&quot;url&quot;:&quot;https://errors.pydantic.dev/2.13/v/missing&quot;}]}&#10;assert 422 in (200, 201)&#10; +  where 422 = &lt;Response [422]&gt;.status_code">backend/tests/test_iteration9.py:62: in test_scholarship_application_creates_8digit_app_no
    assert r.status_code in (200, 201), f"{r.status_code} {r.text}"
E   AssertionError: 422 {"detail":[{"type":"missing","loc":["body","name"],"msg":"Field required","input":{"scholarship_id":"1ed94009-d949-4504-b291-68e3571a5a44","full_name":"TEST Numeric 7f2e1928","email":"test_numeric_7f2e1928@test.com","phone":"97f2e19280","venue":"Northend 90 FT","date_of_birth":"2005-01-01","gender":"male","father_name":"Father","mother_name":"Mother","address":"Test Address","class_grade":"10","school_name":"Test School"},"url":"https://errors.pydantic.dev/2.13/v/missing"},{"type":"missing","loc":["body","school"],"msg":"Field required","input":{"scholarship_id":"1ed94009-d949-4504-b291-68e3571a5a44","full_name":"TEST Numeric 7f2e1928","email":"test_numeric_7f2e1928@test.com","phone":"97f2e19280","venue":"Northend 90 FT","date_of_birth":"2005-01-01","gender":"male","father_name":"Father","mother_name":"Mother","address":"Test Address","class_grade":"10","school_name":"Test School"},"url":"https://errors.pydantic.dev/2.13/v/missing"},{"type":"missing","loc":["body","standard"],"msg":"Field required","input":{"scholarship_id":"1ed94009-d949-4504-b291-68e3571a5a44","full_name":"TEST Numeric 7f2e1928","email":"test_numeric_7f2e1928@test.com","phone":"97f2e19280","venue":"Northend 90 FT","date_of_birth":"2005-01-01","gender":"male","father_name":"Father","mother_name":"Mother","address":"Test Address","class_grade":"10","school_name":"Test School"},"url":"https://errors.pydantic.dev/2.13/v/missing"},{"type":"missing","loc":["body","target_exam"],"msg":"Field required","input":{"scholarship_id":"1ed94009-d949-4504-b291-68e3571a5a44","full_name":"TEST Numeric 7f2e1928","email":"test_numeric_7f2e1928@test.com","phone":"97f2e19280","venue":"Northend 90 FT","date_of_birth":"2005-01-01","gender":"male","father_name":"Father","mother_name":"Mother","address":"Test Address","class_grade":"10","school_name":"Test School"},"url":"https://errors.pydantic.dev/2.13/v/missing"},{"type":"missing","loc":["body","city"],"msg":"Field required","input":{"scholarship_id":"1ed94009-d949-4504-b291-68e3571a5a44","full_name":"TEST Numeric 7f2e1928","email":"test_numeric_7f2e1928@test.com","phone":"97f2e19280","venue":"Northend 90 FT","date_of_birth":"2005-01-01","gender":"male","father_name":"Father","mother_name":"Mother","address":"Test Address","class_grade":"10","school_name":"Test School"},"url":"https://errors.pydantic.dev/2.13/v/missing"}]}
E   assert 422 in (200, 201)
E    +  where 422 = &lt;Response [422]&gt;.status_code</failure></testcase><testcase classname="backend.tests.test_iteration9" name="test_all_applications_have_8digit_numeric_app_no" time="0.641" /><testcase classname="backend.tests.test_iteration9" name="test_stats_endpoint_requires_auth" time="0.173" /><testcase classname="backend.tests.test_iteration9" name="test_stats_endpoint_admin_ok" time="0.193" /></testsuite></testsuites>