<?xml version="1.0" encoding="utf-8"?><testsuites name="pytest tests"><testsuite name="pytest" errors="0" failures="0" skipped="0" tests="14" time="3.030" timestamp="2026-05-10T10:27:52.209164+00:00" hostname="agent-env-fdac5d54-2ff7-43bf-9c9b-769a86f51f2d"><testcase classname="backend.tests.test_iteration3.TestUpload" name="test_upload_pdf_success" time="0.399" /><testcase classname="backend.tests.test_iteration3.TestUpload" name="test_reject_unsupported_type" time="0.141" /><testcase classname="backend.tests.test_iteration3.TestUpload" name="test_reject_empty" time="0.137" /><testcase classname="backend.tests.test_iteration3.TestUpload" name="test_size_marker_smaller_than_limit" time="0.379" /><testcase classname="backend.tests.test_iteration3.TestUpload" name="test_image_upload" time="0.245" /><testcase classname="backend.tests.test_iteration3.TestFiles" name="test_download_uploaded" time="0.405" /><testcase classname="backend.tests.test_iteration3.TestFiles" name="test_404_for_missing" time="0.133" /><testcase classname="backend.tests.test_iteration3.TestAdmitCard" name="test_admit_card_pdf" time="0.264" /><testcase classname="backend.tests.test_iteration3.TestAdmitCard" name="test_admit_card_404" time="0.098" /><testcase classname="backend.tests.test_iteration3.TestEmailSideEffects" name="test_scholarship_app_no_block" time="0.120" /><testcase classname="backend.tests.test_iteration3.TestEmailSideEffects" name="test_enrollment_with_valid_course" time="0.205" /><testcase classname="backend.tests.test_iteration3.TestEmailSideEffects" name="test_enrollment_invalid_course_id" time="0.104" /><testcase classname="backend.tests.test_iteration3.TestEmailSideEffects" name="test_job_application_with_valid_job" time="0.223" /><testcase classname="backend.tests.test_iteration3.TestEmailSideEffects" name="test_job_application_invalid_job_id" time="0.097" /></testsuite></testsuites>