<?xml version="1.0" encoding="utf-8"?><testsuites name="pytest tests"><testsuite name="pytest" errors="0" failures="0" skipped="0" tests="5" time="1.041" timestamp="2026-08-23T08:00:56.533688+00:00" hostname="agent-env-fdac5d54-2ff7-43bf-9c9b-769a86f51f2d"><testcase classname="backend.tests.test_iteration10" name="test_template_download_requires_auth" time="0.121" /><testcase classname="backend.tests.test_iteration10" name="test_template_download_success" time="0.380" /><testcase classname="backend.tests.test_iteration10" name="test_bulk_register_valid_rows_with_trailing_empty" time="0.142" /><testcase classname="backend.tests.test_iteration10" name="test_bulk_register_duplicate_row" time="0.092" /><testcase classname="backend.tests.test_iteration10" name="test_bulk_register_missing_required" time="0.051" /></testsuite></testsuites>