<?xml version="1.0" encoding="utf-8"?><testsuites name="pytest tests"><testsuite name="pytest" errors="0" failures="0" skipped="0" tests="74" time="13.630" timestamp="2026-05-10T10:44:50.464297+00:00" hostname="agent-env-fdac5d54-2ff7-43bf-9c9b-769a86f51f2d"><testcase classname="backend.tests.backend_test.TestPublicCatalog" name="test_courses" time="0.151" /><testcase classname="backend.tests.backend_test.TestPublicCatalog" name="test_courses_filter_category" time="0.151" /><testcase classname="backend.tests.backend_test.TestPublicCatalog" name="test_centers" time="0.103" /><testcase classname="backend.tests.backend_test.TestPublicCatalog" name="test_stats" time="0.111" /><testcase classname="backend.tests.backend_test.TestPublicCatalog" name="test_scholarships" time="0.098" /><testcase classname="backend.tests.backend_test.TestPublicCatalog" name="test_notices" time="0.098" /><testcase classname="backend.tests.backend_test.TestPublicCatalog" name="test_jobs" time="0.116" /><testcase classname="backend.tests.backend_test.TestPublicCatalog" name="test_results" time="0.115" /><testcase classname="backend.tests.backend_test.TestPublicCatalog" name="test_testimonials" time="0.098" /><testcase classname="backend.tests.backend_test.TestAuth" name="test_login_admin" time="0.343" /><testcase classname="backend.tests.backend_test.TestAuth" name="test_me_with_bearer" time="0.107" /><testcase classname="backend.tests.backend_test.TestAuth" name="test_me_unauth" time="0.101" /><testcase classname="backend.tests.backend_test.TestAuth" name="test_register_student" time="0.324" /><testcase classname="backend.tests.backend_test.TestAuth" name="test_login_invalid" time="0.102" /><testcase classname="backend.tests.backend_test.TestPublicSubmissions" name="test_scholarship_application" time="0.101" /><testcase classname="backend.tests.backend_test.TestPublicSubmissions" name="test_enrollment" time="0.207" /><testcase classname="backend.tests.backend_test.TestPublicSubmissions" name="test_job_application" time="0.208" /><testcase classname="backend.tests.backend_test.TestPublicSubmissions" name="test_contact" time="0.100" /><testcase classname="backend.tests.backend_test.TestAdminGating" name="test_summary_unauth" time="0.124" /><testcase classname="backend.tests.backend_test.TestAdminGating" name="test_summary_as_student_403" time="0.102" /><testcase classname="backend.tests.backend_test.TestAdminGating" name="test_summary_admin" time="0.105" /><testcase classname="backend.tests.backend_test.TestAdminGating" name="test_create_course_requires_admin" time="0.097" /><testcase classname="backend.tests.backend_test.TestAdminGating" name="test_create_course_admin" time="0.211" /><testcase classname="backend.tests.backend_test.TestAdminGating" name="test_create_notice_admin" time="0.198" /><testcase classname="backend.tests.backend_test.TestAdminGating" name="test_create_job_admin" time="0.196" /><testcase classname="backend.tests.backend_test.TestAdminGating" name="test_export_enrollments_xlsx" time="0.113" /><testcase classname="backend.tests.backend_test.TestAdminGating" name="test_export_unknown_kind" time="0.112" /><testcase classname="backend.tests.backend_test.TestValidation" name="test_enrollment_invalid_course_id" time="0.096" /><testcase classname="backend.tests.backend_test.TestValidation" name="test_jobapp_invalid_job_id" time="0.108" /><testcase classname="backend.tests.backend_test.TestValidation" name="test_status_update_invalid_enum_enrollment" time="0.315" /><testcase classname="backend.tests.backend_test.TestValidation" name="test_status_update_invalid_enum_scholarship" time="0.205" /><testcase classname="backend.tests.backend_test.TestValidation" name="test_status_update_invalid_enum_jobapp" time="0.321" /><testcase classname="backend.tests.backend_test.TestExports" name="test_export_other_kinds[scholarship-applications]" time="0.110" /><testcase classname="backend.tests.backend_test.TestExports" name="test_export_other_kinds[job-applications]" time="0.133" /><testcase classname="backend.tests.backend_test.TestExports" name="test_export_other_kinds[inquiries]" time="0.118" /><testcase classname="backend.tests.backend_test.TestExports" name="test_export_other_kinds[students]" time="0.112" /><testcase classname="backend.tests.backend_test.TestStudent" name="test_enrollments_mine" time="0.379" /><testcase classname="backend.tests.backend_test.TestStudent" name="test_enrollments_mine_unauth" time="0.117" /><testcase classname="backend.tests.test_iteration3.TestUpload" name="test_upload_pdf_success" time="0.238" /><testcase classname="backend.tests.test_iteration3.TestUpload" name="test_reject_unsupported_type" time="0.118" /><testcase classname="backend.tests.test_iteration3.TestUpload" name="test_reject_empty" time="0.098" /><testcase classname="backend.tests.test_iteration3.TestUpload" name="test_size_marker_smaller_than_limit" time="0.273" /><testcase classname="backend.tests.test_iteration3.TestUpload" name="test_image_upload" time="0.199" /><testcase classname="backend.tests.test_iteration3.TestFiles" name="test_download_uploaded" time="0.391" /><testcase classname="backend.tests.test_iteration3.TestFiles" name="test_404_for_missing" time="0.100" /><testcase classname="backend.tests.test_iteration3.TestAdmitCard" name="test_admit_card_pdf" time="0.242" /><testcase classname="backend.tests.test_iteration3.TestAdmitCard" name="test_admit_card_404" time="0.104" /><testcase classname="backend.tests.test_iteration3.TestEmailSideEffects" name="test_scholarship_app_no_block" time="0.106" /><testcase classname="backend.tests.test_iteration3.TestEmailSideEffects" name="test_enrollment_with_valid_course" time="0.236" /><testcase classname="backend.tests.test_iteration3.TestEmailSideEffects" name="test_enrollment_invalid_course_id" time="0.096" /><testcase classname="backend.tests.test_iteration3.TestEmailSideEffects" name="test_job_application_with_valid_job" time="0.221" /><testcase classname="backend.tests.test_iteration3.TestEmailSideEffects" name="test_job_application_invalid_job_id" time="0.147" /><testcase classname="backend.tests.test_iteration4.TestCategoryRestriction" name="test_reject_non_allowed_categories[CUET]" time="0.442" /><testcase classname="backend.tests.test_iteration4.TestCategoryRestriction" name="test_reject_non_allowed_categories[NDA]" time="0.102" /><testcase classname="backend.tests.test_iteration4.TestCategoryRestriction" name="test_reject_non_allowed_categories[Crash]" time="0.099" /><testcase classname="backend.tests.test_iteration4.TestCategoryRestriction" name="test_reject_non_allowed_categories[Random]" time="0.107" /><testcase classname="backend.tests.test_iteration4.TestCategoryRestriction" name="test_accept_allowed_categories[CBSE]" time="0.216" /><testcase classname="backend.tests.test_iteration4.TestCategoryRestriction" name="test_accept_allowed_categories[Foundation]" time="0.215" /><testcase classname="backend.tests.test_iteration4.TestCategoryRestriction" name="test_accept_allowed_categories[IIT-JEE]" time="0.207" /><testcase classname="backend.tests.test_iteration4.TestCategoryRestriction" name="test_accept_allowed_categories[JKBOSE]" time="0.238" /><testcase classname="backend.tests.test_iteration4.TestCategoryRestriction" name="test_accept_allowed_categories[NEET]" time="0.229" /><testcase classname="backend.tests.test_iteration4.TestCategoryRestriction" name="test_seed_only_allowed_categories" time="0.111" /><testcase classname="backend.tests.test_iteration4.TestCategoryRestriction" name="test_seed_has_cbse" time="0.101" /><testcase classname="backend.tests.test_iteration4.TestCourseArrays" name="test_create_with_arrays_and_get" time="0.427" /><testcase classname="backend.tests.test_iteration4.TestCourseArrays" name="test_seed_courses_have_features" time="0.107" /><testcase classname="backend.tests.test_iteration4.TestCentersCRUD" name="test_post_unauth_401" time="0.109" /><testcase classname="backend.tests.test_iteration4.TestCentersCRUD" name="test_post_student_403" time="0.490" /><testcase classname="backend.tests.test_iteration4.TestCentersCRUD" name="test_full_crud_admin" time="0.671" /><testcase classname="backend.tests.test_iteration4.TestTestimonialsCRUD" name="test_post_unauth_401" time="0.102" /><testcase classname="backend.tests.test_iteration4.TestTestimonialsCRUD" name="test_post_student_403" time="0.118" /><testcase classname="backend.tests.test_iteration4.TestTestimonialsCRUD" name="test_full_crud_admin" time="0.324" /><testcase classname="backend.tests.test_iteration4.TestResultsUpdate" name="test_put_unauth_401" time="0.145" /><testcase classname="backend.tests.test_iteration4.TestResultsUpdate" name="test_put_student_403" time="0.103" /><testcase classname="backend.tests.test_iteration4.TestResultsUpdate" name="test_admin_create_then_update" time="0.342" /></testsuite></testsuites>