<?xml version="1.0" encoding="utf-8"?><testsuites name="pytest tests"><testsuite name="pytest" errors="0" failures="0" skipped="0" tests="5" time="2.627" timestamp="2026-09-03T07:03:24.669248+00:00" hostname="agent-env-fdac5d54-2ff7-43bf-9c9b-769a86f51f2d"><testcase classname="backend.tests.test_iteration13_overbook_regression.TestSeededCarnival" name="test_seeded_carnival_hydrates" time="0.296" /><testcase classname="backend.tests.test_iteration13_overbook_regression.TestSequentialOverbook" name="test_capacity_1_second_registration_returns_409" time="0.755" /><testcase classname="backend.tests.test_iteration13_overbook_regression.TestConcurrentOverbook" name="test_capacity_1_five_parallel" time="0.350" /><testcase classname="backend.tests.test_iteration13_overbook_regression.TestConcurrentOverbook" name="test_capacity_3_ten_parallel" time="0.478" /><testcase classname="backend.tests.test_iteration13_overbook_regression.TestUniqueIndexAcrossCarnivals" name="test_two_carnivals_same_slot_key_do_not_clash" time="0.641" /></testsuite></testsuites>