<?xml version="1.0" encoding="utf-8"?><testsuites name="pytest tests"><testsuite name="pytest" errors="0" failures="2" skipped="0" tests="88" time="77.142" timestamp="2026-05-10T12:13:44.201840+00:00" hostname="agent-env-fdac5d54-2ff7-43bf-9c9b-769a86f51f2d"><testcase classname="backend.tests.backend_test.TestPublicCatalog" name="test_courses" time="0.240" /><testcase classname="backend.tests.backend_test.TestPublicCatalog" name="test_courses_filter_category" time="0.146" /><testcase classname="backend.tests.backend_test.TestPublicCatalog" name="test_centers" time="0.140" /><testcase classname="backend.tests.backend_test.TestPublicCatalog" name="test_stats" time="0.142" /><testcase classname="backend.tests.backend_test.TestPublicCatalog" name="test_scholarships" time="0.098" /><testcase classname="backend.tests.backend_test.TestPublicCatalog" name="test_notices" time="0.181" /><testcase classname="backend.tests.backend_test.TestPublicCatalog" name="test_jobs" time="0.140" /><testcase classname="backend.tests.backend_test.TestPublicCatalog" name="test_results" time="0.122" /><testcase classname="backend.tests.backend_test.TestPublicCatalog" name="test_testimonials" time="0.094" /><testcase classname="backend.tests.backend_test.TestAuth" name="test_login_admin" time="0.328" /><testcase classname="backend.tests.backend_test.TestAuth" name="test_me_with_bearer" time="0.113" /><testcase classname="backend.tests.backend_test.TestAuth" name="test_me_unauth" time="0.099" /><testcase classname="backend.tests.backend_test.TestAuth" name="test_register_student" time="0.332" /><testcase classname="backend.tests.backend_test.TestAuth" name="test_login_invalid" time="0.124" /><testcase classname="backend.tests.backend_test.TestPublicSubmissions" name="test_scholarship_application" time="0.212" /><testcase classname="backend.tests.backend_test.TestPublicSubmissions" name="test_enrollment" time="0.214" /><testcase classname="backend.tests.backend_test.TestPublicSubmissions" name="test_job_application" time="0.251" /><testcase classname="backend.tests.backend_test.TestPublicSubmissions" name="test_contact" time="0.117" /><testcase classname="backend.tests.backend_test.TestAdminGating" name="test_summary_unauth" time="0.101" /><testcase classname="backend.tests.backend_test.TestAdminGating" name="test_summary_as_student_403" time="0.099" /><testcase classname="backend.tests.backend_test.TestAdminGating" name="test_summary_admin" time="0.111" /><testcase classname="backend.tests.backend_test.TestAdminGating" name="test_create_course_requires_admin" time="0.102" /><testcase classname="backend.tests.backend_test.TestAdminGating" name="test_create_course_admin" time="0.230" /><testcase classname="backend.tests.backend_test.TestAdminGating" name="test_create_notice_admin" time="0.206" /><testcase classname="backend.tests.backend_test.TestAdminGating" name="test_create_job_admin" time="0.219" /><testcase classname="backend.tests.backend_test.TestAdminGating" name="test_export_enrollments_xlsx" time="0.137" /><testcase classname="backend.tests.backend_test.TestAdminGating" name="test_export_unknown_kind" time="0.110" /><testcase classname="backend.tests.backend_test.TestValidation" name="test_enrollment_invalid_course_id" time="0.106" /><testcase classname="backend.tests.backend_test.TestValidation" name="test_jobapp_invalid_job_id" time="0.103" /><testcase classname="backend.tests.backend_test.TestValidation" name="test_status_update_invalid_enum_enrollment" time="0.306" /><testcase classname="backend.tests.backend_test.TestValidation" name="test_status_update_invalid_enum_scholarship" time="0.336" /><testcase classname="backend.tests.backend_test.TestValidation" name="test_status_update_invalid_enum_jobapp" time="0.341" /><testcase classname="backend.tests.backend_test.TestExports" name="test_export_other_kinds[scholarship-applications]" time="0.125" /><testcase classname="backend.tests.backend_test.TestExports" name="test_export_other_kinds[job-applications]" time="0.128" /><testcase classname="backend.tests.backend_test.TestExports" name="test_export_other_kinds[inquiries]" time="0.104" /><testcase classname="backend.tests.backend_test.TestExports" name="test_export_other_kinds[students]" time="0.115" /><testcase classname="backend.tests.backend_test.TestStudent" name="test_enrollments_mine" time="0.318" /><testcase classname="backend.tests.backend_test.TestStudent" name="test_enrollments_mine_unauth" time="0.105" /><testcase classname="backend.tests.test_iteration3.TestUpload" name="test_upload_pdf_success" time="0.254" /><testcase classname="backend.tests.test_iteration3.TestUpload" name="test_reject_unsupported_type" time="0.116" /><testcase classname="backend.tests.test_iteration3.TestUpload" name="test_reject_empty" time="0.113" /><testcase classname="backend.tests.test_iteration3.TestUpload" name="test_size_marker_smaller_than_limit" time="0.290" /><testcase classname="backend.tests.test_iteration3.TestUpload" name="test_image_upload" time="0.186" /><testcase classname="backend.tests.test_iteration3.TestFiles" name="test_download_uploaded" time="0.405" /><testcase classname="backend.tests.test_iteration3.TestFiles" name="test_404_for_missing" time="0.101" /><testcase classname="backend.tests.test_iteration3.TestAdmitCard" name="test_admit_card_pdf" time="0.097"><failure message="AssertionError: {&quot;detail&quot;:[{&quot;type&quot;:&quot;missing&quot;,&quot;loc&quot;:[&quot;body&quot;,&quot;scholarship_id&quot;],&quot;msg&quot;:&quot;Field required&quot;,&quot;input&quot;:{&quot;name&quot;:&quot;TEST_AdmitCardUser&quot;,&quot;email&quot;:&quot;test_admit@example.com&quot;,&quot;phone&quot;:&quot;9999999999&quot;,&quot;school&quot;:&quot;Test School&quot;,&quot;standard&quot;:&quot;11&quot;,&quot;target_exam&quot;:&quot;NEET&quot;,&quot;city&quot;:&quot;Srinagar&quot;},&quot;url&quot;:&quot;https://errors.pydantic.dev/2.13/v/missing&quot;}]}&#10;assert 422 == 200&#10; +  where 422 = &lt;Response [422]&gt;.status_code">backend/tests/test_iteration3.py:112: in test_admit_card_pdf
    assert r.status_code == 200, r.text
E   AssertionError: {"detail":[{"type":"missing","loc":["body","scholarship_id"],"msg":"Field required","input":{"name":"TEST_AdmitCardUser","email":"test_admit@example.com","phone":"9999999999","school":"Test School","standard":"11","target_exam":"NEET","city":"Srinagar"},"url":"https://errors.pydantic.dev/2.13/v/missing"}]}
E   assert 422 == 200
E    +  where 422 = &lt;Response [422]&gt;.status_code</failure></testcase><testcase classname="backend.tests.test_iteration3.TestAdmitCard" name="test_admit_card_404" time="0.123" /><testcase classname="backend.tests.test_iteration3.TestEmailSideEffects" name="test_scholarship_app_no_block" time="0.108"><failure message="assert 422 == 200&#10; +  where 422 = &lt;Response [422]&gt;.status_code">backend/tests/test_iteration3.py:138: in test_scholarship_app_no_block
    assert r.status_code == 200
E   assert 422 == 200
E    +  where 422 = &lt;Response [422]&gt;.status_code</failure></testcase><testcase classname="backend.tests.test_iteration3.TestEmailSideEffects" name="test_enrollment_with_valid_course" time="0.270" /><testcase classname="backend.tests.test_iteration3.TestEmailSideEffects" name="test_enrollment_invalid_course_id" time="0.098" /><testcase classname="backend.tests.test_iteration3.TestEmailSideEffects" name="test_job_application_with_valid_job" time="0.223" /><testcase classname="backend.tests.test_iteration3.TestEmailSideEffects" name="test_job_application_invalid_job_id" time="0.106" /><testcase classname="backend.tests.test_iteration4.TestCategoryRestriction" name="test_reject_non_allowed_categories[CUET]" time="0.444" /><testcase classname="backend.tests.test_iteration4.TestCategoryRestriction" name="test_reject_non_allowed_categories[NDA]" time="0.109" /><testcase classname="backend.tests.test_iteration4.TestCategoryRestriction" name="test_reject_non_allowed_categories[Crash]" time="0.116" /><testcase classname="backend.tests.test_iteration4.TestCategoryRestriction" name="test_reject_non_allowed_categories[Random]" time="0.116" /><testcase classname="backend.tests.test_iteration4.TestCategoryRestriction" name="test_accept_allowed_categories[CBSE]" time="0.233" /><testcase classname="backend.tests.test_iteration4.TestCategoryRestriction" name="test_accept_allowed_categories[Foundation]" time="0.236" /><testcase classname="backend.tests.test_iteration4.TestCategoryRestriction" name="test_accept_allowed_categories[IIT-JEE]" time="0.284" /><testcase classname="backend.tests.test_iteration4.TestCategoryRestriction" name="test_accept_allowed_categories[JKBOSE]" time="0.208" /><testcase classname="backend.tests.test_iteration4.TestCategoryRestriction" name="test_accept_allowed_categories[NEET]" time="0.222" /><testcase classname="backend.tests.test_iteration4.TestCategoryRestriction" name="test_seed_only_allowed_categories" time="0.107" /><testcase classname="backend.tests.test_iteration4.TestCategoryRestriction" name="test_seed_has_cbse" time="0.106" /><testcase classname="backend.tests.test_iteration4.TestCourseArrays" name="test_create_with_arrays_and_get" time="0.467" /><testcase classname="backend.tests.test_iteration4.TestCourseArrays" name="test_seed_courses_have_features" time="0.104" /><testcase classname="backend.tests.test_iteration4.TestCentersCRUD" name="test_post_unauth_401" time="0.100" /><testcase classname="backend.tests.test_iteration4.TestCentersCRUD" name="test_post_student_403" time="0.437" /><testcase classname="backend.tests.test_iteration4.TestCentersCRUD" name="test_full_crud_admin" time="0.569" /><testcase classname="backend.tests.test_iteration4.TestTestimonialsCRUD" name="test_post_unauth_401" time="0.103" /><testcase classname="backend.tests.test_iteration4.TestTestimonialsCRUD" name="test_post_student_403" time="0.105" /><testcase classname="backend.tests.test_iteration4.TestTestimonialsCRUD" name="test_full_crud_admin" time="0.323" /><testcase classname="backend.tests.test_iteration4.TestResultsUpdate" name="test_put_unauth_401" time="0.144" /><testcase classname="backend.tests.test_iteration4.TestResultsUpdate" name="test_put_student_403" time="0.155" /><testcase classname="backend.tests.test_iteration4.TestResultsUpdate" name="test_admin_create_then_update" time="0.317" /><testcase classname="backend.tests.test_iteration5.TestApplyValidation" name="test_missing_scholarship_id_422" time="0.102" /><testcase classname="backend.tests.test_iteration5.TestApplyValidation" name="test_unknown_scholarship_id_404" time="0.104" /><testcase classname="backend.tests.test_iteration5.TestApplyValidation" name="test_inactive_scholarship_400" time="0.601" /><testcase classname="backend.tests.test_iteration5.TestApplyValidation" name="test_active_scholarship_200_with_title" time="0.260" /><testcase classname="backend.tests.test_iteration5.TestAdmitCard" name="test_admit_card_pdf" time="0.251" /><testcase classname="backend.tests.test_iteration5.TestResultManagement" name="test_put_result_unauth_401" time="31.461" /><testcase classname="backend.tests.test_iteration5.TestResultManagement" name="test_put_result_student_403" time="7.810" /><testcase classname="backend.tests.test_iteration5.TestResultManagement" name="test_put_result_admin_no_publish_then_publish" time="20.681" /><testcase classname="backend.tests.test_iteration5.TestResultManagement" name="test_put_result_app_not_found" time="0.115" /><testcase classname="backend.tests.test_iteration5.TestLookup" name="test_wrong_phone_404" time="0.424" /><testcase classname="backend.tests.test_iteration5.TestLookup" name="test_unknown_app_no_404" time="0.118" /><testcase classname="backend.tests.test_iteration5.TestMyScholarshipApps" name="test_unauth_401" time="0.097" /><testcase classname="backend.tests.test_iteration5.TestMyScholarshipApps" name="test_returns_apps_by_email" time="0.209" /><testcase classname="backend.tests.test_iteration5.TestMyScholarshipApps" name="test_result_hidden_when_not_published_in_mine" time="0.559" /></testsuite></testsuites>